<?xml version="1.0" encoding="UTF-8"?>
<coverage generated="1633206631759" clover="3.2.0">
  <project timestamp="1633206631760" name="All files">
    <metrics statements="18" coveredstatements="18" conditionals="10" coveredconditionals="10" methods="4" coveredmethods="4" elements="32" coveredelements="32" complexity="0" loc="18" ncloc="18" packages="1" files="1" classes="1"/>
    <file name="App.js" path="C:\Users\DIEGO-PC\Documents\DIEGO_UNIV\6to_Semestre_2-2021\Ingenieria de Software\Repostiorio IngSoft\calulador-cadenas-tdd-js\src\App.js">
      <metrics statements="18" coveredstatements="18" conditionals="10" coveredconditionals="10" methods="4" coveredmethods="4"/>
      <line num="2" count="8" type="stmt"/>
      <line num="3" count="8" type="stmt"/>
      <line num="4" count="8" type="cond" truecount="2" falsecount="0"/>
      <line num="5" count="5" type="stmt"/>
      <line num="6" count="5" type="stmt"/>
      <line num="7" count="22" type="cond" truecount="4" falsecount="0"/>
      <line num="9" count="5" type="stmt"/>
      <line num="10" count="5" type="stmt"/>
      <line num="11" count="5" type="stmt"/>
      <line num="13" count="3" type="stmt"/>
      <line num="17" count="6" type="stmt"/>
      <line num="18" count="6" type="stmt"/>
      <line num="19" count="6" type="stmt"/>
      <line num="20" count="6" type="stmt"/>
      <line num="21" count="6" type="stmt"/>
      <line num="22" count="6" type="stmt"/>
      <line num="23" count="22" type="cond" truecount="4" falsecount="0"/>
      <line num="25" count="6" type="stmt"/>
    </file>
  </project>
</coverage>
