{"C:\\Users\\DIEGO-PC\\Documents\\DIEGO_UNIV\\6to_Semestre_2-2021\\Ingenieria de Software\\Repostiorio IngSoft\\calulador-cadenas-tdd-js\\src\\App.js": {"path":"C:\\Users\\DIEGO-PC\\Documents\\DIEGO_UNIV\\6to_Semestre_2-2021\\Ingenieria de Software\\Repostiorio IngSoft\\calulador-cadenas-tdd-js\\src\\App.js","statementMap":{"0":{"start":{"line":2,"column":18},"end":{"line":2,"column":20}},"1":{"start":{"line":3,"column":25},"end":{"line":3,"column":54}},"2":{"start":{"line":4,"column":2},"end":{"line":13,"column":24}},"3":{"start":{"line":5,"column":26},"end":{"line":5,"column":55}},"4":{"start":{"line":6,"column":4},"end":{"line":8,"column":7}},"5":{"start":{"line":7,"column":6},"end":{"line":7,"column":70}},"6":{"start":{"line":7,"column":39},"end":{"line":7,"column":68}},"7":{"start":{"line":9,"column":4},"end":{"line":9,"column":38}},"8":{"start":{"line":10,"column":4},"end":{"line":10,"column":27}},"9":{"start":{"line":11,"column":4},"end":{"line":11,"column":21}},"10":{"start":{"line":13,"column":7},"end":{"line":13,"column":24}},"11":{"start":{"line":17,"column":12},"end":{"line":17,"column":13}},"12":{"start":{"line":18,"column":18},"end":{"line":18,"column":40}},"13":{"start":{"line":19,"column":24},"end":{"line":19,"column":57}},"14":{"start":{"line":20,"column":2},"end":{"line":20,"column":53}},"15":{"start":{"line":21,"column":2},"end":{"line":21,"column":23}},"16":{"start":{"line":22,"column":2},"end":{"line":24,"column":5}},"17":{"start":{"line":23,"column":4},"end":{"line":23,"column":72}},"18":{"start":{"line":23,"column":41},"end":{"line":23,"column":70}},"19":{"start":{"line":25,"column":2},"end":{"line":25,"column":13}}},"fnMap":{"0":{"name":"Get_delimiter","decl":{"start":{"line":1,"column":9},"end":{"line":1,"column":22}},"loc":{"start":{"line":1,"column":36},"end":{"line":14,"column":1}},"line":1},"1":{"name":"(anonymous_1)","decl":{"start":{"line":6,"column":28},"end":{"line":6,"column":29}},"loc":{"start":{"line":6,"column":36},"end":{"line":8,"column":5}},"line":6},"2":{"name":"CalculadoraCadenas","decl":{"start":{"line":16,"column":9},"end":{"line":16,"column":27}},"loc":{"start":{"line":16,"column":37},"end":{"line":26,"column":1}},"line":16},"3":{"name":"(anonymous_3)","decl":{"start":{"line":22,"column":41},"end":{"line":22,"column":42}},"loc":{"start":{"line":22,"column":51},"end":{"line":24,"column":3}},"line":22}},"branchMap":{"0":{"loc":{"start":{"line":4,"column":2},"end":{"line":13,"column":24}},"type":"if","locations":[{"start":{"line":4,"column":2},"end":{"line":13,"column":24}},{"start":{"line":4,"column":2},"end":{"line":13,"column":24}}],"line":4},"1":{"loc":{"start":{"line":7,"column":6},"end":{"line":7,"column":70}},"type":"if","locations":[{"start":{"line":7,"column":6},"end":{"line":7,"column":70}},{"start":{"line":7,"column":6},"end":{"line":7,"column":70}}],"line":7},"2":{"loc":{"start":{"line":7,"column":9},"end":{"line":7,"column":35}},"type":"binary-expr","locations":[{"start":{"line":7,"column":9},"end":{"line":7,"column":20}},{"start":{"line":7,"column":24},"end":{"line":7,"column":35}}],"line":7},"3":{"loc":{"start":{"line":23,"column":4},"end":{"line":23,"column":72}},"type":"if","locations":[{"start":{"line":23,"column":4},"end":{"line":23,"column":72}},{"start":{"line":23,"column":4},"end":{"line":23,"column":72}}],"line":23},"4":{"loc":{"start":{"line":23,"column":7},"end":{"line":23,"column":37}},"type":"binary-expr","locations":[{"start":{"line":23,"column":7},"end":{"line":23,"column":21}},{"start":{"line":23,"column":25},"end":{"line":23,"column":37}}],"line":23}},"s":{"0":8,"1":8,"2":8,"3":5,"4":5,"5":22,"6":10,"7":5,"8":5,"9":5,"10":3,"11":6,"12":6,"13":6,"14":6,"15":6,"16":6,"17":22,"18":17,"19":6},"f":{"0":8,"1":22,"2":6,"3":22},"b":{"0":[5,3],"1":[10,12],"2":[22,16],"3":[17,5],"4":[22,21]},"_coverageSchema":"1a1c01bbd47fc00a2c39e90264f33305004495a9","hash":"5a34069de151212edee5c37d6f7d2d93581cc97f"}
}
