TN:
SF:src\App.js
FN:1,Get_delimiter
FN:6,(anonymous_1)
FN:16,CalculadoraCadenas
FN:22,(anonymous_3)
FNF:4
FNH:4
FNDA:8,Get_delimiter
FNDA:22,(anonymous_1)
FNDA:6,CalculadoraCadenas
FNDA:22,(anonymous_3)
DA:2,8
DA:3,8
DA:4,8
DA:5,5
DA:6,5
DA:7,22
DA:9,5
DA:10,5
DA:11,5
DA:13,3
DA:17,6
DA:18,6
DA:19,6
DA:20,6
DA:21,6
DA:22,6
DA:23,22
DA:25,6
LF:18
LH:18
BRDA:4,0,0,5
BRDA:4,0,1,3
BRDA:7,1,0,10
BRDA:7,1,1,12
BRDA:7,2,0,22
BRDA:7,2,1,16
BRDA:23,3,0,17
BRDA:23,3,1,5
BRDA:23,4,0,22
BRDA:23,4,1,21
BRF:10
BRH:10
end_of_record
